<?xml version="1.0" encoding="utf-8"?>
<soap:Envelope xmlns:soap="http://schemas.xmlsoap.org/soap/envelope/" xmlns:xsi="http://www.w3.org/2001/XMLSchema-instance" xmlns:xsd="http://www.w3.org/2001/XMLSchema">
  <soap:Body>
    <searchHotelFares xmlns="http://tempuri.org/">
      <searchHotelFaresRQ1>
        <cityLocation code="BUE"/>
        <dateFrom>2025-10-15</dateFrom>
        <dateTo>2025-10-22</dateTo>
        <name />
        <pos>
          <id>LOZADAWS</id>
          <clave>.LOZAWS23.</clave>
        </pos>
        <currency>USD</currency>
      </searchHotelFaresRQ1>
    </searchHotelFares>
  </soap:Body>
</soap:Envelope>